<?xml version="1.0" encoding="UTF-8" ?>
<testsuite failures="0" time="0.041" errors="0" skipped="0" tests="2" name="test.ExampleTest">
  <properties>
    <property name="java.runtime.name" value="Java(TM) SE Runtime Environment"/>
    <property name="sun.boot.library.path" value="/export/apps/jdk/JDK-1_6_0_27/jre/lib/amd64"/>
    <property name="java.vm.version" value="20.2-b06"/>
    <property name="java.vm.vendor" value="Sun Microsystems Inc."/>
    <property name="java.vendor.url" value="http://java.sun.com/"/>
    <property name="path.separator" value=":"/>
    <property name="java.vm.name" value="Java HotSpot(TM) 64-Bit Server VM"/>
    <property name="file.encoding.pkg" value="sun.io"/>
    <property name="user.country" value="US"/>
    <property name="sun.java.launcher" value="SUN_STANDARD"/>
    <property name="sun.os.patch.level" value="unknown"/>
    <property name="java.vm.specification.name" value="Java Virtual Machine Specification"/>
    <property name="user.dir" value="/home/aigupta/hawtjni/hawtjni-example"/>
    <property name="java.runtime.version" value="1.6.0_27-b07"/>
    <property name="java.awt.graphicsenv" value="sun.awt.X11GraphicsEnvironment"/>
    <property name="basedir" value="/home/aigupta/hawtjni/hawtjni-example"/>
    <property name="java.endorsed.dirs" value="/export/apps/jdk/JDK-1_6_0_27/jre/lib/endorsed"/>
    <property name="os.arch" value="amd64"/>
    <property name="surefire.real.class.path" value="/tmp/surefirebooter6230772905668658248.jar"/>
    <property name="java.io.tmpdir" value="/tmp"/>
    <property name="line.separator" value="
"/>
    <property name="java.vm.specification.vendor" value="Sun Microsystems Inc."/>
    <property name="os.name" value="Linux"/>
    <property name="sun.jnu.encoding" value="UTF-8"/>
    <property name="java.library.path" value="/export/apps/jdk/JDK-1_6_0_27/jre/lib/amd64/server:/export/apps/jdk/JDK-1_6_0_27/jre/lib/amd64:/export/apps/jdk/JDK-1_6_0_27/jre/../lib/amd64:/export/apps/xtools/oracle-instant-client_10.2:/usr/java/packages/lib/amd64:/usr/lib64:/lib64:/lib:/usr/lib"/>
    <property name="surefire.test.class.path" value="/home/aigupta/hawtjni/hawtjni-example/target/test-classes:/home/aigupta/hawtjni/hawtjni-example/target/classes:/home/aigupta/hawtjni/hawtjni-runtime/target/hawtjni-runtime-0.1.jar:/home/aigupta/.m2/repository/junit/junit/4.7/junit-4.7.jar:/home/aigupta/.m2/repository/log4j/log4j/1.2.14/log4j-1.2.14.jar:"/>
    <property name="java.specification.name" value="Java Platform API Specification"/>
    <property name="java.class.version" value="50.0"/>
    <property name="sun.management.compiler" value="HotSpot 64-Bit Tiered Compilers"/>
    <property name="os.version" value="2.6.32-131.4.1.el6.x86_64"/>
    <property name="user.home" value="/home/aigupta"/>
    <property name="user.timezone" value=""/>
    <property name="java.awt.printerjob" value="sun.print.PSPrinterJob"/>
    <property name="file.encoding" value="UTF-8"/>
    <property name="java.specification.version" value="1.6"/>
    <property name="user.name" value="aigupta"/>
    <property name="java.class.path" value="/home/aigupta/hawtjni/hawtjni-example/target/test-classes:/home/aigupta/hawtjni/hawtjni-example/target/classes:/home/aigupta/hawtjni/hawtjni-runtime/target/hawtjni-runtime-0.1.jar:/home/aigupta/.m2/repository/junit/junit/4.7/junit-4.7.jar:/home/aigupta/.m2/repository/log4j/log4j/1.2.14/log4j-1.2.14.jar:"/>
    <property name="java.vm.specification.version" value="1.0"/>
    <property name="sun.arch.data.model" value="64"/>
    <property name="java.home" value="/export/apps/jdk/JDK-1_6_0_27/jre"/>
    <property name="sun.java.command" value="/tmp/surefirebooter6230772905668658248.jar /tmp/surefire1746465572893606581tmp /tmp/surefire5299413605026100096tmp"/>
    <property name="java.specification.vendor" value="Sun Microsystems Inc."/>
    <property name="user.language" value="en"/>
    <property name="java.vm.info" value="mixed mode"/>
    <property name="java.version" value="1.6.0_27"/>
    <property name="java.ext.dirs" value="/export/apps/jdk/JDK-1_6_0_27/jre/lib/ext:/usr/java/packages/lib/ext"/>
    <property name="sun.boot.class.path" value="/export/apps/jdk/JDK-1_6_0_27/jre/lib/resources.jar:/export/apps/jdk/JDK-1_6_0_27/jre/lib/rt.jar:/export/apps/jdk/JDK-1_6_0_27/jre/lib/sunrsasign.jar:/export/apps/jdk/JDK-1_6_0_27/jre/lib/jsse.jar:/export/apps/jdk/JDK-1_6_0_27/jre/lib/jce.jar:/export/apps/jdk/JDK-1_6_0_27/jre/lib/charsets.jar:/export/apps/jdk/JDK-1_6_0_27/jre/lib/modules/jdk.boot.jar:/export/apps/jdk/JDK-1_6_0_27/jre/classes"/>
    <property name="java.vendor" value="Sun Microsystems Inc."/>
    <property name="localRepository" value="/home/aigupta/.m2/repository"/>
    <property name="file.separator" value="/"/>
    <property name="java.vendor.url.bug" value="http://java.sun.com/cgi-bin/bugreport.cgi"/>
    <property name="sun.cpu.endian" value="little"/>
    <property name="sun.io.unicode.encoding" value="UnicodeLittle"/>
    <property name="sun.desktop" value="gnome"/>
    <property name="sun.cpu.isalist" value=""/>
  </properties>
  <testcase time="0.028" classname="test.ExampleTest" name="test"/>
  <testcase time="0.001" classname="test.ExampleTest" name="testPointerMath"/>
</testsuite>